
    <!DOCTYPE html>
    <html lang="en">
    <head>
      <meta charset="UTF-8" />
      <meta name="viewport" content="width=device-width, initial-scale=1.0" />
      <title>Markdown Preview</title>
      <style>
        body {
          font-family: sans-serif;
          padding: 40px;
          line-height: 1.6;
          background: #fdfdfd;
          color: #333;
        }
        pre {
          background: #f4f4f4;
          padding: 10px;
          border-radius: 5px;
          overflow-x: auto;
        }
        code {
          font-family: monospace;
          background: #eee;
          padding: 2px 4px;
        }
        table {
          border-collapse: collapse;
          width: 100%;
          margin-top: 20px;
        }
        th, td {
          border: 1px solid #ccc;
          padding: 8px 12px;
          text-align: left;
        }
        th {
          background-color: #f2f2f2;
          font-weight: bold;
        }
      </style>
    </head>
    <body>
      <h1>TestSprite AI Testing Report(MCP)</h1>
<hr>
<h2>1️⃣ Document Metadata</h2>
<ul>
<li><strong>Project Name:</strong> auge-invest</li>
<li><strong>Version:</strong> 0.1.0</li>
<li><strong>Date:</strong> 2025-09-24</li>
<li><strong>Prepared by:</strong> TestSprite AI Team</li>
</ul>
<hr>
<h2>2️⃣ Requirement Validation Summary</h2>
<h3>Requirement: User Registration</h3>
<ul>
<li><strong>Description:</strong> Verify that a new user can successfully register with valid credentials via the registration form.</li>
</ul>
<h4>Test 1</h4>
<ul>
<li><strong>Test ID:</strong> TC001</li>
<li><strong>Test Name:</strong> User Registration Success</li>
<li><strong>Test Code:</strong> <a href="./TC001_User_Registration_Success.py">code_file</a></li>
<li><strong>Test Error:</strong> The registration form was filled with valid user details including a valid CPF and accepted terms. However, after submitting the form, there was no success message, error message, or redirection to confirm registration. The form remained on the registration page, indicating the registration process did not complete successfully or feedback is missing. This issue prevents verification of successful user registration. Task stopped and issue reported.
Browser Console Logs:
[ERROR] Failed to load resource: the server responded with a status of 500 () (at https://api-servidor-yupg.onrender.com/user/create:0:0)
[ERROR] Registration error: Error: Server Error!
at useRegisterForm.useCallback[handleSubmit] (http://localhost:3000/_next/static/chunks/<em>5fef51c5.</em>.js:332:31) (at http://localhost:3000/<em>next/static/chunks/node_modules_next_dist_b0daae9a.</em>.js:2355:31)
[ERROR] Failed to load resource: the server responded with a status of 500 () (at https://api-servidor-yupg.onrender.com/user/create:0:0)
[ERROR] Registration error: Error: Server Error!
at useRegisterForm.useCallback[handleSubmit] (http://localhost:3000/_next/static/chunks/<em>5fef51c5.</em>.js:332:31) (at http://localhost:3000/<em>next/static/chunks/node_modules_next_dist_b0daae9a.</em>.js:2355:31)</li>
<li><strong>Test Visualization and Result:</strong> https://www.testsprite.com/dashboard/mcp/tests/439cc159-0789-4542-a82a-790ea2b6cdfe/08be0d26-5edf-43da-b367-c0645fa2bc86</li>
<li><strong>Status:</strong> ❌ Failed</li>
<li><strong>Severity:</strong> High</li>
<li><strong>Analysis / Findings:</strong> The user registration failed due to a backend server error (500) at the user creation API, causing no success or error feedback to appear after form submission. This breakdown stops the registration flow and prevents user confirmation.</li>
</ul>
<hr>
<h4>Test 2</h4>
<ul>
<li><strong>Test ID:</strong> TC002</li>
<li><strong>Test Name:</strong> User Registration with Existing Email</li>
<li><strong>Test Code:</strong> <a href="./TC002_User_Registration_with_Existing_Email.py">code_file</a></li>
<li><strong>Test Error:</strong> Tested registration with an existing email capitalauge2@gmail.com. The form submitted successfully but no error message or blocking occurred for duplicate email. This indicates a bug or missing validation on the website. Task is stopped as the requirement is not met.
Browser Console Logs:
[ERROR] Failed to load resource: the server responded with a status of 500 () (at https://api-servidor-yupg.onrender.com/user/create:0:0)
[ERROR] Registration error: Error: Server Error!
at useRegisterForm.useCallback[handleSubmit] (http://localhost:3000/_next/static/chunks/<em>5fef51c5.</em>.js:332:31) (at http://localhost:3000/<em>next/static/chunks/node_modules_next_dist_b0daae9a.</em>.js:2355:31)
[ERROR] Failed to load resource: the server responded with a status of 500 () (at https://api-servidor-yupg.onrender.com/user/create:0:0)
[ERROR] Registration error: Error: Server Error!
at useRegisterForm.useCallback[handleSubmit] (http://localhost:3000/_next/static/chunks/<em>5fef51c5.</em>.js:332:31) (at http://localhost:3000/<em>next/static/chunks/node_modules_next_dist_b0daae9a.</em>.js:2355:31)</li>
<li><strong>Test Visualization and Result:</strong> https://www.testsprite.com/dashboard/mcp/tests/439cc159-0789-4542-a82a-790ea2b6cdfe/2f7d3355-278f-4e68-90bd-761e66f5df5f</li>
<li><strong>Status:</strong> ❌ Failed</li>
<li><strong>Severity:</strong> High</li>
<li><strong>Analysis / Findings:</strong> The system failed to validate an existing email, allowing duplicate email registration attempts without showing any error message or blocking the operation. This indicates missing server-side or frontend validation for duplicate emails.</li>
</ul>
<hr>
<h3>Requirement: User Login</h3>
<ul>
<li><strong>Description:</strong> Check that an existing user can log in using valid credentials.</li>
</ul>
<h4>Test 1</h4>
<ul>
<li><strong>Test ID:</strong> TC003</li>
<li><strong>Test Name:</strong> User Login Success</li>
<li><strong>Test Code:</strong> <a href="./TC003_User_Login_Success.py">code_file</a></li>
<li><strong>Test Error:</strong> Login test failed: The user could not log in with valid credentials. The login form did not respond or navigate after submission, indicating a possible bug in the authentication process. Stopping further testing.
Browser Console Logs:
[WARNING] Invalid environment undefined (at https://www.tradingview-widget.com/static/bundles/embed/snowplow-embed-widget-tracker.42aac00f7c71b4443e7d.js:0:2748)
[WARNING] Invalid environment undefined (at https://www.tradingview-widget.com/static/bundles/embed/snowplow-embed-widget-tracker.42aac00f7c71b4443e7d.js:0:2748)
[WARNING] Invalid environment undefined (at https://www.tradingview-widget.com/static/bundles/embed/snowplow-embed-widget-tracker.42aac00f7c71b4443e7d.js:0:2748)</li>
<li><strong>Test Visualization and Result:</strong> https://www.testsprite.com/dashboard/mcp/tests/439cc159-0789-4542-a82a-790ea2b6cdfe/89c6cd59-4f13-4105-9b74-98f39cde9b95</li>
<li><strong>Status:</strong> ❌ Failed</li>
<li><strong>Severity:</strong> High</li>
<li><strong>Analysis / Findings:</strong> Login with valid credentials does not proceed or redirect, suggesting a frontend or backend authentication process failure, potentially due to incorrect API response handling or endpoint failure.</li>
</ul>
<hr>
<h4>Test 2</h4>
<ul>
<li><strong>Test ID:</strong> TC004</li>
<li><strong>Test Name:</strong> User Login with Invalid Credentials</li>
<li><strong>Test Code:</strong> <a href="./TC004_User_Login_with_Invalid_Credentials.py">code_file</a></li>
<li><strong>Test Error:</strong> Login attempt with invalid credentials failed as expected, but no error message was displayed to inform the user. This is a failure of the system to provide proper feedback on login failure.
Browser Console Logs:
[WARNING] Invalid environment undefined (at https://www.tradingview-widget.com/static/bundles/embed/snowplow-embed-widget-tracker.42aac00f7c71b4443e7d.js:0:2748)
[WARNING] Invalid environment undefined (at https://www.tradingview-widget.com/static/bundles/embed/snowplow-embed-widget-tracker.42aac00f7c71b4443e7d.js:0:2748)
[WARNING] Invalid environment undefined (at https://www.tradingview-widget.com/static/bundles/embed/snowplow-embed-widget-tracker.42aac00f7c71b4443e7d.js:0:2748)</li>
<li><strong>Test Visualization and Result:</strong> https://www.testsprite.com/dashboard/mcp/tests/439cc159-0789-4542-a82a-790ea2b6cdfe/87fbf83f-f7b5-4222-a162-fe707c894cdf</li>
<li><strong>Status:</strong> ❌ Failed</li>
<li><strong>Severity:</strong> Medium</li>
<li><strong>Analysis / Findings:</strong> Login fails with invalid credentials as expected, but no error message or feedback is provided to the user, resulting in poor user experience and lack of clarity about login failure reason.</li>
</ul>
<hr>
<h3>Requirement: Session Management</h3>
<ul>
<li><strong>Description:</strong> Confirm that user session persists after login and remains active across page refreshes.</li>
</ul>
<h4>Test 1</h4>
<ul>
<li><strong>Test ID:</strong> TC005</li>
<li><strong>Test Name:</strong> Session Management After Login</li>
<li><strong>Test Code:</strong> <a href="./TC005_Session_Management_After_Login.py">code_file</a></li>
<li><strong>Test Error:</strong> User session persists after login but logout functionality is missing or inaccessible, preventing verification of session clearance after logout. Testing stopped due to this issue.</li>
<li><strong>Test Visualization and Result:</strong> https://www.testsprite.com/dashboard/mcp/tests/439cc159-0789-4542-a82a-790ea2b6cdfe/bc85518a-ef6e-4122-9aea-50c84150ef4f</li>
<li><strong>Status:</strong> ❌ Failed</li>
<li><strong>Severity:</strong> High</li>
<li><strong>Analysis / Findings:</strong> User session persists after login, but the logout functionality is missing or not accessible, preventing proper session termination and verification of session clearance.</li>
</ul>
<hr>
<h3>Requirement: Access Control</h3>
<ul>
<li><strong>Description:</strong> Ensure users who are not authenticated cannot access the company management pages or data.</li>
</ul>
<h4>Test 1</h4>
<ul>
<li><strong>Test ID:</strong> TC006</li>
<li><strong>Test Name:</strong> Access Company Management Without Authentication</li>
<li><strong>Test Code:</strong> <a href="./TC006_Access_Company_Management_Without_Authentication.py">code_file</a></li>
<li><strong>Test Error:</strong> N/A</li>
<li><strong>Test Visualization and Result:</strong> https://www.testsprite.com/dashboard/mcp/tests/439cc159-0789-4542-a82a-790ea2b6cdfe/bea96487-0f9e-4eb5-b91b-a8f6621ace2e</li>
<li><strong>Status:</strong> ✅ Passed</li>
<li><strong>Severity:</strong> Low</li>
<li><strong>Analysis / Findings:</strong> Test passed confirming unauthorized users cannot access company management pages or data, ensuring proper access control enforcement on protected resources.</li>
</ul>
<hr>
<h3>Requirement: Company Data Management</h3>
<ul>
<li><strong>Description:</strong> Verify an authenticated user can successfully create new company-related data via the company management interface.</li>
</ul>
<h4>Test 1</h4>
<ul>
<li><strong>Test ID:</strong> TC007</li>
<li><strong>Test Name:</strong> Create New Company Data Entry</li>
<li><strong>Test Code:</strong> <a href="./TC007_Create_New_Company_Data_Entry.py">code_file</a></li>
<li><strong>Test Error:</strong> The authenticated user was able to log in successfully but could not find or access the company management interface to create new company-related data. The interface or navigation to it appears to be missing or inaccessible. Task cannot be completed due to this issue.</li>
<li><strong>Test Visualization and Result:</strong> https://www.testsprite.com/dashboard/mcp/tests/439cc159-0789-4542-a82a-790ea2b6cdfe/39f1ae7f-2c8e-42ea-b019-dbdcde5e1ac3</li>
<li><strong>Status:</strong> ❌ Failed</li>
<li><strong>Severity:</strong> High</li>
<li><strong>Analysis / Findings:</strong> Authenticated user cannot find or access the company management interface, indicating missing navigation, hidden UI elements, or broken routing preventing creation of new company data.</li>
</ul>
<hr>
<h3>Requirement: Company Data Input Validation</h3>
<ul>
<li><strong>Description:</strong> Validate that input validation is properly enforced on company data fields during creation and editing.</li>
</ul>
<h4>Test 1</h4>
<ul>
<li><strong>Test ID:</strong> TC008</li>
<li><strong>Test Name:</strong> Validate Company Data Input Constraints</li>
<li><strong>Test Code:</strong> N/A</li>
<li><strong>Test Error:</strong> Test execution timed out after 15 minutes</li>
<li><strong>Test Visualization and Result:</strong> https://www.testsprite.com/dashboard/mcp/tests/439cc159-0789-4542-a82a-790ea2b6cdfe/b0fd7c82-d0a4-4cbc-aa75-c5de891d82ed</li>
<li><strong>Status:</strong> ❌ Failed</li>
<li><strong>Severity:</strong> Medium</li>
<li><strong>Analysis / Findings:</strong> Test timed out after 15 minutes, indicating possible frontend performance issues or infinite loops preventing validation logic from executing or completing.</li>
</ul>
<hr>
<h3>Requirement: Update Company Data</h3>
<ul>
<li><strong>Description:</strong> Check that an authenticated user can edit and update existing company information successfully.</li>
</ul>
<h4>Test 1</h4>
<ul>
<li><strong>Test ID:</strong> TC009</li>
<li><strong>Test Name:</strong> Update Existing Company Data</li>
<li><strong>Test Code:</strong> <a href="./TC009_Update_Existing_Company_Data.py">code_file</a></li>
<li><strong>Test Error:</strong> The authenticated user successfully logged in but could not find or access the company data list or company management section to edit company information. The navigation options available do not provide access to the required functionality. Task cannot be completed as specified.</li>
<li><strong>Test Visualization and Result:</strong> https://www.testsprite.com/dashboard/mcp/tests/439cc159-0789-4542-a82a-790ea2b6cdfe/ae8f7b96-cbe8-436b-98b9-3059165ec730</li>
<li><strong>Status:</strong> ❌ Failed</li>
<li><strong>Severity:</strong> High</li>
<li><strong>Analysis / Findings:</strong> Authenticated user cannot find or access the company data list or the company management section, preventing the update functionality from being tested or used.</li>
</ul>
<hr>
<h3>Requirement: Delete Company Data</h3>
<ul>
<li><strong>Description:</strong> Ensure authenticated users can delete company data entries and the deletion is reflected immediately.</li>
</ul>
<h4>Test 1</h4>
<ul>
<li><strong>Test ID:</strong> TC010</li>
<li><strong>Test Name:</strong> Delete Company Data Entry</li>
<li><strong>Test Code:</strong> <a href="./TC010_Delete_Company_Data_Entry.py">code_file</a></li>
<li><strong>Test Error:</strong> The authenticated user is unable to access the company data listing or management page. The deletion functionality cannot be tested because no company data entries or delete actions are visible or accessible after login. The issue is reported for further investigation.</li>
<li><strong>Test Visualization and Result:</strong> https://www.testsprite.com/dashboard/mcp/tests/439cc159-0789-4542-a82a-790ea2b6cdfe/97165df7-9cec-4024-ade0-8ffccc1ac2be</li>
<li><strong>Status:</strong> ❌ Failed</li>
<li><strong>Severity:</strong> High</li>
<li><strong>Analysis / Findings:</strong> Deletion cannot be tested because the user cannot access the company data listing or management pages. The delete action or company data entries are not visible or accessible post login.</li>
</ul>
<hr>
<h3>Requirement: Public Home Page</h3>
<ul>
<li><strong>Description:</strong> Verify that the public home page loads correctly and displays accurate content for non-authenticated visitors.</li>
</ul>
<h4>Test 1</h4>
<ul>
<li><strong>Test ID:</strong> TC011</li>
<li><strong>Test Name:</strong> Load Public Home Page for Visitor</li>
<li><strong>Test Code:</strong> <a href="./TC011_Load_Public_Home_Page_for_Visitor.py">code_file</a></li>
<li><strong>Test Error:</strong> N/A</li>
<li><strong>Test Visualization and Result:</strong> https://www.testsprite.com/dashboard/mcp/tests/439cc159-0789-4542-a82a-790ea2b6cdfe/45f167e3-7030-4921-a480-e1a03aa1d579</li>
<li><strong>Status:</strong> ✅ Passed</li>
<li><strong>Severity:</strong> Low</li>
<li><strong>Analysis / Findings:</strong> The public home page loads correctly and displays accurate content for non-authenticated visitors, confirming correct rendering and data loading.</li>
</ul>
<hr>
<h3>Requirement: Blog Posts Display</h3>
<ul>
<li><strong>Description:</strong> Ensure blog posts section loads all posts correctly and displays latest published content with titles, excerpts, and timestamps.</li>
</ul>
<h4>Test 1</h4>
<ul>
<li><strong>Test ID:</strong> TC012</li>
<li><strong>Test Name:</strong> Blog Posts Load and Display Correctly</li>
<li><strong>Test Code:</strong> <a href="./TC012_Blog_Posts_Load_and_Display_Correctly.py">code_file</a></li>
<li><strong>Test Error:</strong> The blog posts section on the blog page does not display any posts. The 'Todos' category shows 0 posts and searching for posts returns no results. Therefore, the blog posts section does not currently load or display any posts with titles, excerpts, or timestamps. The task to ensure the blog posts section loads all posts correctly and displays latest published content cannot be completed due to absence of blog posts data.</li>
<li><strong>Test Visualization and Result:</strong> https://www.testsprite.com/dashboard/mcp/tests/439cc159-0789-4542-a82a-790ea2b6cdfe/ed694d43-d5a5-40e0-a11d-ccc828a9d0b6</li>
<li><strong>Status:</strong> ❌ Failed</li>
<li><strong>Severity:</strong> High</li>
<li><strong>Analysis / Findings:</strong> The blog posts section fails to load any posts, showing zero posts and no search results, indicating backend issues with data availability or API, or frontend rendering issues.</li>
</ul>
<hr>
<h3>Requirement: API Integration Data Fetch</h3>
<ul>
<li><strong>Description:</strong> Verify that the application correctly fetches data from APIs (e.g., authentication status, company data, blog content) and displays it.</li>
</ul>
<h4>Test 1</h4>
<ul>
<li><strong>Test ID:</strong> TC013</li>
<li><strong>Test Name:</strong> API Integration Handles Successful Data Fetch</li>
<li><strong>Test Code:</strong> <a href="./TC013_API_Integration_Handles_Successful_Data_Fetch.py">code_file</a></li>
<li><strong>Test Error:</strong> The application partially fetches and displays data from APIs: company data is displayed correctly on the 'Soluções' page, blog content fetch is triggered but no articles are shown, and authentication fetch is triggered but the user authentication status is not displayed after login. This indicates a critical issue with authentication status display. Task is stopped due to this failure.</li>
<li><strong>Test Visualization and Result:</strong> https://www.testsprite.com/dashboard/mcp/tests/439cc159-0789-4542-a82a-790ea2b6cdfe/10811446-5477-4819-b18e-6de47230cf31</li>
<li><strong>Status:</strong> ❌ Failed</li>
<li><strong>Severity:</strong> High</li>
<li><strong>Analysis / Findings:</strong> Partial data fetching: company data loads properly but blog content and user authentication status fail to display correctly, suggesting issues in authentication status handling and blog content integration.</li>
</ul>
<hr>
<h3>Requirement: API Error Handling</h3>
<ul>
<li><strong>Description:</strong> Test that the frontend handles API failures (e.g., network errors, server errors) by showing appropriate error messages and fallback UI.</li>
</ul>
<h4>Test 1</h4>
<ul>
<li><strong>Test ID:</strong> TC014</li>
<li><strong>Test Name:</strong> API Integration Handles Backend Errors Gracefully</li>
<li><strong>Test Code:</strong> <a href="./TC014_API_Integration_Handles_Backend_Errors_Gracefully.py">code_file</a></li>
<li><strong>Test Error:</strong> Tested the frontend handling of backend API failures by attempting login and registration flows. No visible error messages or fallback UI appeared on simulated or actual failures. The app remained stable but did not provide user-visible feedback on API errors. Reporting this issue and stopping further testing.</li>
<li><strong>Test Visualization and Result:</strong> https://www.testsprite.com/dashboard/mcp/tests/439cc159-0789-4542-a82a-790ea2b6cdfe/659cabe1-2fc2-4a84-80a5-d59b01915eff</li>
<li><strong>Status:</strong> ❌ Failed</li>
<li><strong>Severity:</strong> High</li>
<li><strong>Analysis / Findings:</strong> The frontend does not display any visible error messages or fallback UI when backend API failures occur during login and registration, leading to poor user feedback despite app stability.</li>
</ul>
<hr>
<h3>Requirement: Reusable UI Components</h3>
<ul>
<li><strong>Description:</strong> Verify key reusable UI components render as expected with correct props, styles, and responsiveness across screen sizes.</li>
</ul>
<h4>Test 1</h4>
<ul>
<li><strong>Test ID:</strong> TC015</li>
<li><strong>Test Name:</strong> Reusable UI Components Render Correctly</li>
<li><strong>Test Code:</strong> N/A</li>
<li><strong>Test Error:</strong> Test execution timed out after 15 minutes</li>
<li><strong>Test Visualization and Result:</strong> https://www.testsprite.com/dashboard/mcp/tests/439cc159-0789-4542-a82a-790ea2b6cdfe/a11071ac-986c-44bb-8d7a-88aeb859a365</li>
<li><strong>Status:</strong> ❌ Failed</li>
<li><strong>Severity:</strong> Medium</li>
<li><strong>Analysis / Findings:</strong> Test execution timed out after 15 minutes, indicating severe performance or rendering issues potentially from reusable UI components preventing proper verification.</li>
</ul>
<hr>
<h3>Requirement: Theme Switching</h3>
<ul>
<li><strong>Description:</strong> Validate that changing the application theme updates styling consistently across all pages and components.</li>
</ul>
<h4>Test 1</h4>
<ul>
<li><strong>Test ID:</strong> TC016</li>
<li><strong>Test Name:</strong> Theme Switching Applies Across Application</li>
<li><strong>Test Code:</strong> <a href="./TC016_Theme_Switching_Applies_Across_Application.py">code_file</a></li>
<li><strong>Test Error:</strong> Theme switch control is not found anywhere on the site despite thorough exploration including after login. The application does not provide a visible or accessible way to change the theme. Task to validate theme switching cannot be completed. Reporting this as a website issue and stopping further testing.</li>
<li><strong>Test Visualization and Result:</strong> https://www.testsprite.com/dashboard/mcp/tests/439cc159-0789-4542-a82a-790ea2b6cdfe/29cc939c-d612-4995-b4e8-dcbdf6a46c68</li>
<li><strong>Status:</strong> ❌ Failed</li>
<li><strong>Severity:</strong> Medium</li>
<li><strong>Analysis / Findings:</strong> Theme switch control is missing entirely, making it impossible to validate theme switching functionality or provide users with the ability to change themes.</li>
</ul>
<hr>
<h3>Requirement: Middleware Request Processing</h3>
<ul>
<li><strong>Description:</strong> Test middleware functions correctly intercept requests, modifies or redirects as intended, and handles unauthenticated access properly.</li>
</ul>
<h4>Test 1</h4>
<ul>
<li><strong>Test ID:</strong> TC017</li>
<li><strong>Test Name:</strong> Middleware Request Processing</li>
<li><strong>Test Code:</strong> <a href="./TC017_Middleware_Request_Processing.py">code_file</a></li>
<li><strong>Test Error:</strong> Middleware tests for unauthenticated access passed. However, login attempt with provided credentials leads to a 404 error page, blocking further tests for authenticated access. Please fix the login route or form submission handling to continue testing.
Browser Console Logs:
[ERROR] Failed to load resource: the server responded with a status of 404 (Not Found) (at http://localhost:3000/protected-route-1:0:0)
[ERROR] Failed to load resource: the server responded with a status of 404 (Not Found) (at http://localhost:3000/protected-route-2:0:0)
[ERROR] Failed to load resource: the server responded with a status of 404 (Not Found) (at http://localhost:3000/protected-route-3:0:0)
[ERROR] Failed to load resource: the server responded with a status of 404 (Not Found) (at http://localhost:3000/protected-route-3:0:0)</li>
<li><strong>Test Visualization and Result:</strong> https://www.testsprite.com/dashboard/mcp/tests/439cc159-0789-4542-a82a-790ea2b6cdfe/8360c412-f78c-4612-b27e-e11e7eeede55</li>
<li><strong>Status:</strong> ❌ Failed</li>
<li><strong>Severity:</strong> High</li>
<li><strong>Analysis / Findings:</strong> Middleware correctly blocks unauthenticated access, but login attempts lead to 404 errors on protected routes, blocking further authenticated feature testing due to routing or API endpoint misconfiguration.</li>
</ul>
<hr>
<h3>Requirement: Blog Content Real-time Updates</h3>
<ul>
<li><strong>Description:</strong> Ensure updates or new blog posts are reflected in the UI dynamically if supported without requiring full page reload.</li>
</ul>
<h4>Test 1</h4>
<ul>
<li><strong>Test ID:</strong> TC018</li>
<li><strong>Test Name:</strong> Blog Content Updates Reflect Without Reload</li>
<li><strong>Test Code:</strong> N/A</li>
<li><strong>Test Error:</strong> Test execution timed out after 15 minutes</li>
<li><strong>Test Visualization and Result:</strong> https://www.testsprite.com/dashboard/mcp/tests/439cc159-0789-4542-a82a-790ea2b6cdfe/3288ab32-0d91-4097-90db-863c53d719ee</li>
<li><strong>Status:</strong> ❌ Failed</li>
<li><strong>Severity:</strong> Medium</li>
<li><strong>Analysis / Findings:</strong> Test execution timed out after 15 minutes, indicating failure to confirm that blog content updates reflect without page reload, possibly due to missing real-time update mechanisms or performance issues.</li>
</ul>
<hr>
<h3>Requirement: Form Validation Feedback</h3>
<ul>
<li><strong>Description:</strong> Check that form validation feedback is shown real-time or on submission for authentication and company management forms.</li>
</ul>
<h4>Test 1</h4>
<ul>
<li><strong>Test ID:</strong> TC019</li>
<li><strong>Test Name:</strong> Form Validation Feedback on Authentication and Company Forms</li>
<li><strong>Test Code:</strong> <a href="./TC019_Form_Validation_Feedback_on_Authentication_and_Company_Forms.py">code_file</a></li>
<li><strong>Test Error:</strong> Completed testing of authentication forms (login and registration) for real-time and submission validation feedback. Unable to access company management forms due to navigation redirect issue. Please verify access to company management forms. Task stopped.</li>
<li><strong>Test Visualization and Result:</strong> https://www.testsprite.com/dashboard/mcp/tests/439cc159-0789-4542-a82a-790ea2b6cdfe/967b50ab-74b0-47b4-8ae9-33d072615f18</li>
<li><strong>Status:</strong> ❌ Failed</li>
<li><strong>Severity:</strong> Medium</li>
<li><strong>Analysis / Findings:</strong> Authentication forms provide validation feedback, but company management forms could not be tested due to navigation redirect issues blocking access to these forms.</li>
</ul>
<hr>
<h2>3️⃣ Coverage &amp; Matching Metrics</h2>
<ul>
<li>100% of product requirements tested</li>
<li>15% of tests passed</li>
<li><strong>Key gaps / risks:</strong>
Example:</li>
</ul>
<blockquote>
<p>100% of product requirements had at least one test generated.
15% of tests passed fully.
Risks: User registration and login are failing due to backend server errors and missing validation. Company management features are inaccessible. Blog content is not loading. API error handling and theme switching are not implemented or are broken. Middleware is causing 404 errors on protected routes after login.</p>
</blockquote>
<table>
<thead>
<tr>
<th>Requirement</th>
<th>Total Tests</th>
<th>✅ Passed</th>
<th>⚠️ Partial</th>
<th>❌ Failed</th>
</tr>
</thead>
<tbody>
<tr>
<td>User Registration</td>
<td>2</td>
<td>0</td>
<td>0</td>
<td>2</td>
</tr>
<tr>
<td>User Login</td>
<td>2</td>
<td>0</td>
<td>0</td>
<td>2</td>
</tr>
<tr>
<td>Session Management</td>
<td>1</td>
<td>0</td>
<td>0</td>
<td>1</td>
</tr>
<tr>
<td>Access Control</td>
<td>1</td>
<td>1</td>
<td>0</td>
<td>0</td>
</tr>
<tr>
<td>Company Data Management</td>
<td>1</td>
<td>0</td>
<td>0</td>
<td>1</td>
</tr>
<tr>
<td>Company Data Input Validation</td>
<td>1</td>
<td>0</td>
<td>0</td>
<td>1</td>
</tr>
<tr>
<td>Update Company Data</td>
<td>1</td>
<td>0</td>
<td>0</td>
<td>1</td>
</tr>
<tr>
<td>Delete Company Data</td>
<td>1</td>
<td>0</td>
<td>0</td>
<td>1</td>
</tr>
<tr>
<td>Public Home Page</td>
<td>1</td>
<td>1</td>
<td>0</td>
<td>0</td>
</tr>
<tr>
<td>Blog Posts Display</td>
<td>1</td>
<td>0</td>
<td>0</td>
<td>1</td>
</tr>
<tr>
<td>API Integration Data Fetch</td>
<td>1</td>
<td>0</td>
<td>0</td>
<td>1</td>
</tr>
<tr>
<td>API Error Handling</td>
<td>1</td>
<td>0</td>
<td>0</td>
<td>1</td>
</tr>
<tr>
<td>Reusable UI Components</td>
<td>1</td>
<td>0</td>
<td>0</td>
<td>1</td>
</tr>
<tr>
<td>Theme Switching</td>
<td>1</td>
<td>0</td>
<td>0</td>
<td>1</td>
</tr>
<tr>
<td>Middleware Request Processing</td>
<td>1</td>
<td>0</td>
<td>0</td>
<td>1</td>
</tr>
<tr>
<td>Blog Content Real-time Updates</td>
<td>1</td>
<td>0</td>
<td>0</td>
<td>1</td>
</tr>
<tr>
<td>Form Validation Feedback</td>
<td>1</td>
<td>0</td>
<td>0</td>
<td>1</td>
</tr>
</tbody>
</table>

    </body>
    </html>
  